生成启动时间为 2019/12/12 22:04:04。
     1>项目“F:\PhysicalEngine\p5out\msvc\physics.vcxproj”在节点 2 上(Build 个目标)。
     1>ClCompile:
         G:\ProgramFiles\VS2012\VC\bin\CL.exe /c /IF:\PhysicalEngine\p5out\msvc\include /IF:\PhysicalEngine\p5out\msvc\..\src /ZI /nologo /W4 /WX- /Od /Oy- /D WIN32 /D _DEBUG /D _CONSOLE /D _CRT_SECURE_NO_WARNINGS /D _MBCS /Gm /EHsc /RTC1 /MDd /GS /fp:precise /Zc:wchar_t /Zc:forScope /Fo"Debug\\" /Fd"Debug\vc110.pdb" /Gd /TP /analyze- /errorReport:prompt ..\src\application\scene_loader.cpp ..\src\physics\collisions.cpp ..\src\physics\main.cpp ..\src\physics\physics.cpp ..\src\physics\trianglebody.cpp ..\src\scene\scene.cpp
         scene_loader.cpp
     1>f:\physicalengine\p5out\src\application\scene_loader.cpp(311): warning C4100: “matmap”: 未引用的形参
         正在生成代码...
         正在跳过...(未检测到相关更改)
         scene.cpp
         trianglebody.cpp
         physics.cpp
         main.cpp
         collisions.cpp
       Link:
         G:\ProgramFiles\VS2012\VC\bin\link.exe /ERRORREPORT:PROMPT /OUT:"F:\PhysicalEngine\p5out\msvc\Debug\physics.exe" /INCREMENTAL /NOLOGO /LIBPATH:F:\PhysicalEngine\p5out\msvc\lib SDL.lib SDLmain.lib libpng.lib OpenGL32.lib glu32.lib glew32.lib kernel32.lib user32.lib gdi32.lib winspool.lib comdlg32.lib advapi32.lib shell32.lib ole32.lib oleaut32.lib uuid.lib odbc32.lib odbccp32.lib /MANIFEST /MANIFESTUAC:"level='asInvoker' uiAccess='false'" /manifest:embed /DEBUG /PDB:"F:\PhysicalEngine\p5out\msvc\Debug\physics.pdb" /SUBSYSTEM:CONSOLE /TLBID:1 /DYNAMICBASE /NXCOMPAT /IMPLIB:"F:\PhysicalEngine\p5out\msvc\Debug\physics.lib" /MACHINE:X86 /SAFESEH Debug\application.obj
         Debug\imageio.obj
         Debug\scene_loader.obj
         Debug\camera_roam.obj
         Debug\collisions.obj
         Debug\physics.obj
         Debug\spherebody.obj
         Debug\planebody.obj
         Debug\trianglebody.obj
         Debug\spring.obj
         Debug\main.obj
         Debug\camera.obj
         Debug\color.obj
         Debug\math.obj
         Debug\matrix.obj
         Debug\quaternion.obj
         Debug\vector.obj
         Debug\tinyxml.obj
         Debug\tinyxmlerror.obj
         Debug\tinyxmlparser.obj
         Debug\material.obj
         Debug\geometry.obj
         Debug\mesh.obj
         Debug\model.obj
         Debug\scene.obj
         Debug\sphere.obj
         Debug\triangle.obj
         physics.vcxproj -> F:\PhysicalEngine\p5out\msvc\Debug\physics.exe
     1>已完成生成项目“F:\PhysicalEngine\p5out\msvc\physics.vcxproj”(Build 个目标)的操作。

生成成功。

已用时间 00:00:01.85
