F:\PHYSICALENGINE\P5OUT\MSVC\DEBUG\PLANEBODY.OBJ
F:\PHYSICALENGINE\P5OUT\MSVC\DEBUG\TRIANGLEBODY.OBJ
F:\PHYSICALENGINE\P5OUT\MSVC\DEBUG\SPRING.OBJ
F:\PHYSICALENGINE\P5OUT\MSVC\DEBUG\MAIN.OBJ
F:\PHYSICALENGINE\P5OUT\MSVC\DEBUG\CAMERA.OBJ
F:\PHYSICALENGINE\P5OUT\MSVC\DEBUG\COLOR.OBJ
F:\PHYSICALENGINE\P5OUT\MSVC\DEBUG\MATH.OBJ
F:\PHYSICALENGINE\P5OUT\MSVC\DEBUG\MATRIX.OBJ
F:\PHYSICALENGINE\P5OUT\MSVC\DEBUG\QUATERNION.OBJ
F:\PHYSICALENGINE\P5OUT\MSVC\DEBUG\VECTOR.OBJ
F:\PHYSICALENGINE\P5OUT\MSVC\DEBUG\TINYXML.OBJ
F:\PHYSICALENGINE\P5OUT\MSVC\DEBUG\TINYXMLERROR.OBJ
F:\PHYSICALENGINE\P5OUT\MSVC\DEBUG\TINYXMLPARSER.OBJ
F:\PHYSICALENGINE\P5OUT\MSVC\DEBUG\MATERIAL.OBJ
F:\PHYSICALENGINE\P5OUT\MSVC\DEBUG\GEOMETRY.OBJ
F:\PHYSICALENGINE\P5OUT\MSVC\DEBUG\MESH.OBJ
F:\PHYSICALENGINE\P5OUT\MSVC\DEBUG\MODEL.OBJ
F:\PHYSICALENGINE\P5OUT\MSVC\DEBUG\SCENE.OBJ
F:\PHYSICALENGINE\P5OUT\MSVC\DEBUG\SPHERE.OBJ
F:\PHYSICALENGINE\P5OUT\MSVC\DEBUG\TRIANGLE.OBJ
F:\PHYSICALENGINE\P5OUT\MSVC\DEBUG\APPLICATION.OBJ
F:\PHYSICALENGINE\P5OUT\MSVC\DEBUG\IMAGEIO.OBJ
F:\PHYSICALENGINE\P5OUT\MSVC\DEBUG\SCENE_LOADER.OBJ
F:\PHYSICALENGINE\P5OUT\MSVC\DEBUG\CAMERA_ROAM.OBJ
F:\PHYSICALENGINE\P5OUT\MSVC\DEBUG\COLLISIONS.OBJ
F:\PHYSICALENGINE\P5OUT\MSVC\DEBUG\PHYSICS.OBJ
F:\PHYSICALENGINE\P5OUT\MSVC\DEBUG\SPHEREBODY.OBJ
F:\PHYSICALENGINE\P5OUT\MSVC\DEBUG\VC110.PDB
F:\PHYSICALENGINE\P5OUT\MSVC\DEBUG\PHYSICS.ILK
F:\PHYSICALENGINE\P5OUT\MSVC\DEBUG\PHYSICS.EXE
F:\PHYSICALENGINE\P5OUT\MSVC\DEBUG\PHYSICS.PDB
F:\PhysicalEngine\p5out\msvc\Debug\application.obj
F:\PhysicalEngine\p5out\msvc\Debug\camera.obj
F:\PhysicalEngine\p5out\msvc\Debug\camera_roam.obj
F:\PhysicalEngine\p5out\msvc\Debug\collisions.obj
F:\PhysicalEngine\p5out\msvc\Debug\color.obj
F:\PhysicalEngine\p5out\msvc\Debug\geometry.obj
F:\PhysicalEngine\p5out\msvc\Debug\imageio.obj
F:\PhysicalEngine\p5out\msvc\Debug\main.obj
F:\PhysicalEngine\p5out\msvc\Debug\material.obj
F:\PhysicalEngine\p5out\msvc\Debug\math.obj
F:\PhysicalEngine\p5out\msvc\Debug\matrix.obj
F:\PhysicalEngine\p5out\msvc\Debug\mesh.obj
F:\PhysicalEngine\p5out\msvc\Debug\model.obj
F:\PhysicalEngine\p5out\msvc\Debug\physics.obj
F:\PhysicalEngine\p5out\msvc\Debug\planebody.obj
F:\PhysicalEngine\p5out\msvc\Debug\quaternion.obj
F:\PhysicalEngine\p5out\msvc\Debug\scene.obj
F:\PhysicalEngine\p5out\msvc\Debug\scene_loader.obj
F:\PhysicalEngine\p5out\msvc\Debug\sphere.obj
F:\PhysicalEngine\p5out\msvc\Debug\spherebody.obj
F:\PhysicalEngine\p5out\msvc\Debug\spring.obj
F:\PhysicalEngine\p5out\msvc\Debug\tinyxml.obj
F:\PhysicalEngine\p5out\msvc\Debug\tinyxmlerror.obj
F:\PhysicalEngine\p5out\msvc\Debug\tinyxmlparser.obj
F:\PhysicalEngine\p5out\msvc\Debug\triangle.obj
F:\PhysicalEngine\p5out\msvc\Debug\trianglebody.obj
F:\PhysicalEngine\p5out\msvc\Debug\vector.obj
F:\PhysicalEngine\p5out\msvc\Debug\physics.ilk
F:\PhysicalEngine\p5out\msvc\Debug\cl.command.1.tlog
F:\PhysicalEngine\p5out\msvc\Debug\CL.read.1.tlog
F:\PhysicalEngine\p5out\msvc\Debug\CL.write.1.tlog
F:\PhysicalEngine\p5out\msvc\Debug\link-cvtres.read.1.tlog
F:\PhysicalEngine\p5out\msvc\Debug\link-cvtres.write.1.tlog
F:\PhysicalEngine\p5out\msvc\Debug\link-rc.read.1.tlog
F:\PhysicalEngine\p5out\msvc\Debug\link-rc.write.1.tlog
F:\PhysicalEngine\p5out\msvc\Debug\link.command.1.tlog
F:\PhysicalEngine\p5out\msvc\Debug\link.read.1.tlog
F:\PhysicalEngine\p5out\msvc\Debug\link.write.1.tlog
F:\PhysicalEngine\p5out\msvc\Debug\vc110.idb
F:\PhysicalEngine\p5out\msvc\Debug\physics.pdb
F:\PhysicalEngine\p5out\msvc\Debug\vc110.pdb
F:\PhysicalEngine\p5out\msvc\Debug\physics.exe
